<?xml version="1.0" encoding="UTF-8"?>
<Site BuildName="(empty)"
	BuildStamp="20240305-0606-Experimental"
	Name="xxj-ASUS-TUF-Gaming-F15-FX507VV-FX507VV"
	Generator="ctest-3.28.0"
	CompilerName="/usr/bin/c++"
	CompilerVersion="11.4.0"
	OSName="Linux"
	Hostname="xxj-ASUS-TUF-Gaming-F15-FX507VV-FX507VV"
	OSRelease="6.5.0-21-generic"
	OSVersion="#21~22.04.1-Ubuntu SMP PREEMPT_DYNAMIC Fri Feb  9 13:32:52 UTC 2"
	OSPlatform="x86_64"
	Is64Bits="1"
	VendorString="GenuineIntel"
	VendorID="Intel Corporation"
	FamilyID="6"
	ModelID="186"
	ProcessorCacheSize="24576"
	NumberOfLogicalCPU="20"
	NumberOfPhysicalCPU="14"
	TotalVirtualMemory="2047"
	TotalPhysicalMemory="15607"
	LogicalProcessorsPerPhysical="1"
	ProcessorClockFrequency="2646.4"
	>
	<Testing>
		<StartDateTime>Mar 05 14:06 CST</StartDateTime>
		<StartTestTime>1709618769</StartTestTime>
		<TestList/>
		<EndDateTime>Mar 05 14:06 CST</EndDateTime>
		<EndTestTime>1709618769</EndTestTime>
		<ElapsedMinutes>0</ElapsedMinutes>
	</Testing>
</Site>
