<?xml version="1.0" encoding="UTF-8"?>
<Site BuildName="(empty)"
	BuildStamp="20240218-0314-Experimental"
	Name="xxj-ASUS-TUF-Gaming-F15-FX507VV-FX507VV"
	Generator="ctest-3.28.0"
	CompilerName="/usr/bin/c++"
	CompilerVersion="11.4.0"
	OSName="Linux"
	Hostname="xxj-ASUS-TUF-Gaming-F15-FX507VV-FX507VV"
	OSRelease="6.5.0-18-generic"
	OSVersion="#18~22.04.1-Ubuntu SMP PREEMPT_DYNAMIC Wed Feb  7 11:40:03 UTC 2"
	OSPlatform="x86_64"
	Is64Bits="1"
	VendorString="GenuineIntel"
	VendorID="Intel Corporation"
	FamilyID="6"
	ModelID="186"
	ProcessorCacheSize="24576"
	NumberOfLogicalCPU="20"
	NumberOfPhysicalCPU="14"
	TotalVirtualMemory="2047"
	TotalPhysicalMemory="15607"
	LogicalProcessorsPerPhysical="1"
	ProcessorClockFrequency="2382.54"
	>
	<Testing>
		<StartDateTime>Feb 18 11:15 CST</StartDateTime>
		<StartTestTime>1708226116</StartTestTime>
		<TestList/>
		<EndDateTime>Feb 18 11:15 CST</EndDateTime>
		<EndTestTime>1708226116</EndTestTime>
		<ElapsedMinutes>0</ElapsedMinutes>
	</Testing>
</Site>
